\BOOKMARK [0][-]{Doc-Start}{\376\377\144\130\000\040\000\040\000\040\000\040\211\201}{}% 1
\BOOKMARK [0][-]{chapter*.1}{\376\377\000A\000b\000s\000t\000r\000a\000c\000t}{}% 2
\BOOKMARK [0][-]{chapter.1}{\376\377\176\352\213\272}{}% 3
\BOOKMARK [1][-]{section.1.1}{\376\377\147\054\145\207\170\024\172\166\166\204\166\356\166\204\124\214\141\017\116\111}{chapter.1}% 4
\BOOKMARK [1][-]{section.1.2}{\376\377\126\375\121\205\131\026\170\024\172\166\163\260\162\266\123\312\123\321\134\125\215\213\122\277}{chapter.1}% 5
\BOOKMARK [1][-]{section.1.3}{\376\377\147\054\145\207\166\204\142\200\147\057\145\271\150\110}{chapter.1}% 6
\BOOKMARK [1][-]{section.1.4}{\376\377\147\054\145\207\166\204\176\304\176\307\176\323\147\204}{chapter.1}% 7
\BOOKMARK [0][-]{chapter.2}{\376\377\145\340\116\272\147\072\177\026\226\037\166\204\122\250\122\233\133\146\152\041\127\213\166\204\136\372\172\313}{}% 8
\BOOKMARK [0][-]{chapter.3}{\376\377\177\026\226\037\143\247\122\066\126\150\213\276\213\241}{}% 9
\BOOKMARK [1][-]{section.3.1}{\376\377\154\064\136\163\136\163\227\142\177\026\226\037\143\247\122\066\126\150\213\276\213\241}{chapter.3}% 10
\BOOKMARK [2][-]{subsection.3.1.1}{\376\377\213\357\135\356\133\232\116\111}{section.3.1}% 11
\BOOKMARK [2][-]{subsection.3.1.2}{\376\377\202\052\217\371\174\373\000x\217\164\145\271\124\021\143\247\122\066\126\150}{section.3.1}% 12
\BOOKMARK [2][-]{subsection.3.1.3}{\376\377\202\052\217\371\174\373\000y\217\164\145\271\124\021\143\247\122\066\126\150}{section.3.1}% 13
\BOOKMARK [1][-]{section.3.2}{\376\377\172\326\166\364\136\163\227\142\177\026\226\037\143\247\122\066\126\150\213\276\213\241}{chapter.3}% 14
\BOOKMARK [1][-]{section.3.3}{\376\377\133\236\226\105\136\224\165\050\145\366\166\204\200\003\206\121}{chapter.3}% 15
\BOOKMARK [2][-]{subsection.3.3.1}{\376\377\177\026\226\037\143\247\122\066\126\150\122\006\153\265\213\276\213\241}{section.3.3}% 16
\BOOKMARK [2][-]{subsection.3.3.2}{\376\377\230\316\220\037\217\203\131\047\145\366\166\204\131\004\164\006}{section.3.3}% 17
\BOOKMARK [2][-]{subsection.3.3.3}{\376\377\145\340\116\272\147\072\230\336\210\114\140\047\200\375\226\120\136\105\213\276\213\241}{section.3.3}% 18
\BOOKMARK [2][-]{subsection.3.3.4}{\376\377\123\237\131\313\145\160\143\156\156\344\154\342\126\150\213\276\213\241}{section.3.3}% 19
\BOOKMARK [0][-]{chapter.4}{\376\377\145\340\116\272\147\072\177\026\226\037\145\164\117\123\143\247\122\066\220\073\217\221\060\001\116\377\167\037\163\257\130\203\116\345\123\312\170\154\116\366\220\011\127\213}{}% 20
\BOOKMARK [1][-]{section.4.1}{\376\377\145\340\116\272\147\072\177\026\226\037\217\157\116\366\145\164\117\123\143\247\122\066\220\073\217\221}{chapter.4}% 21
\BOOKMARK [1][-]{section.4.2}{\376\377\145\340\116\272\147\072\217\157\170\154\116\366\163\257\130\203\220\011\221\115}{chapter.4}% 22
\BOOKMARK [1][-]{section.4.3}{\376\377\145\340\116\272\147\072\177\026\226\037\122\250\122\233\133\146\116\377\167\037\163\257\130\203}{chapter.4}% 23
\BOOKMARK [0][-]{chapter.5}{\376\377\143\247\122\066\126\150\116\377\167\037\116\345\123\312\133\236\226\105\230\336\210\114\133\236\232\214\176\323\147\234\122\006\147\220}{}% 24
\BOOKMARK [1][-]{section.5.1}{\376\377\127\372\116\216\000M\000A\000T\000L\000A\000B\000/\000S\000i\000m\000u\000l\000i\000n\000k\166\204\123\314\147\072\177\026\226\037\145\160\133\146\116\377\167\037}{chapter.5}% 25
\BOOKMARK [1][-]{section.5.2}{\376\377\127\372\116\216\000R\000O\000S\000/\000G\000a\000z\000e\000b\000o\000-\000P\000X\0004\166\204\123\314\147\072\177\026\226\037\122\250\122\233\133\146\116\377\167\037}{chapter.5}% 26
\BOOKMARK [0][-]{chapter*.35}{\376\377\176\323\000\040\000\040\000\040\000\040\213\272}{}% 27
\BOOKMARK [0][-]{chapter*.36}{\376\377\123\302\200\003\145\207\163\056}{}% 28
\BOOKMARK [0][-]{chapter*.37}{\376\377\226\104\000\040\000\040\000\040\000\040\137\125}{}% 29
\BOOKMARK [0][-]{chapter*.38}{\376\377\201\364\000\040\000\040\000\040\000\040\214\042}{}% 30
